
SQL*Loader: Release 12.1.0.2.0 - Production on Mon Apr 11 11:31:09 2016

Copyright (c) 1982, 2014, Oracle and/or its affiliates.  All rights reserved.

Control File:   loader.ctl
Data File:      -.dat
  Bad File:     loader.bad
  Discard File:  none specified
 
 (Allow all discards)

Number to load: ALL
Number to skip: 0
Errors allowed: 50
Continuation:    none specified
Path used:      Direct

Table CDXYT10000_TEMP, loaded from every logical record.
Insert option in effect for this table: APPEND

   Column Name                  Position   Len  Term Encl Datatype
------------------------------ ---------- ----- ---- ---- ---------------------
VAL_D1                              FIRST    40   ,       CHARACTER            
VAL_D2                               NEXT     8   ,       CHARACTER            


Table CDXYT10000_TEMP:
  141494434 Rows successfully loaded.
  0 Rows not loaded due to data errors.
  0 Rows not loaded because all WHEN clauses were failed.
  0 Rows not loaded because all fields were null.

Bind array size not used in direct path.
Column array  rows :    5000
Stream buffer bytes:  256000
Read   buffer bytes: 1048576

Total logical records skipped:          0
Total logical records read:      141494434
Total logical records rejected:         0
Total logical records discarded:        0
Total stream buffers loaded by SQL*Loader main thread:    32367
Total stream buffers loaded by SQL*Loader load thread:        0

Run began on Mon Apr 11 11:31:09 2016
Run ended on Mon Apr 11 12:18:32 2016

Elapsed time was:     00:47:23.24
CPU time was:         00:01:07.68
