
SQL*Loader: Release 12.1.0.2.0 - Production on Mon Apr 11 15:58:03 2016

Copyright (c) 1982, 2014, Oracle and/or its affiliates.  All rights reserved.

Control File:   ranges.ctl
Data File:      ranges.ctl
  Bad File:     ranges.bad
  Discard File:  none specified
 
 (Allow all discards)

Number to load: ALL
Number to skip: 0
Errors allowed: 50
Continuation:    none specified
Path used:      Direct

Table RANGES_CDXYT10000_22, loaded from every logical record.
Insert option in effect for this table: APPEND

   Column Name                  Position   Len  Term Encl Datatype
------------------------------ ---------- ----- ---- ---- ---------------------
LOW                                 FIRST    40   ,       CHARACTER            
UPPER                                NEXT    40   ,       CHARACTER            

The following index(es) on table RANGES_CDXYT10000_22 were processed:
index STELLA.RANGES_CDXYT10000_22_IOT_IDX loaded successfully with 87912 keys

Table RANGES_CDXYT10000_22:
  87912 Rows successfully loaded.
  0 Rows not loaded due to data errors.
  0 Rows not loaded because all WHEN clauses were failed.
  0 Rows not loaded because all fields were null.

Bind array size not used in direct path.
Column array  rows :    5000
Stream buffer bytes:  256000
Read   buffer bytes: 1048576

Total logical records skipped:          0
Total logical records read:         87912
Total logical records rejected:         0
Total logical records discarded:        0
Total stream buffers loaded by SQL*Loader main thread:       65
Total stream buffers loaded by SQL*Loader load thread:        0

Run began on Mon Apr 11 15:58:03 2016
Run ended on Mon Apr 11 15:58:03 2016

Elapsed time was:     00:00:00.28
CPU time was:         00:00:00.09
